2021-02-02 00:00:05.975  INFO 14064 --- [main] com.daniel.AmowApplication               : Starting AmowApplication on 习武之人装用Del with PID 14064 (E:\JavaProject\AMOW\target\classes started by daniel in E:\JavaProject\AMOW)
2021-02-02 00:00:05.980 DEBUG 14064 --- [main] com.daniel.AmowApplication               : Running with Spring Boot v2.1.6.RELEASE, Spring v5.1.8.RELEASE
2021-02-02 00:00:05.980  INFO 14064 --- [main] com.daniel.AmowApplication               : No active profile set, falling back to default profiles: default
2021-02-02 00:00:06.760  INFO 14064 --- [main] .s.d.r.c.RepositoryConfigurationDelegate : Multiple Spring Data modules found, entering strict repository configuration mode!
2021-02-02 00:00:06.761  INFO 14064 --- [main] .s.d.r.c.RepositoryConfigurationDelegate : Bootstrapping Spring Data repositories in DEFAULT mode.
2021-02-02 00:00:06.787  INFO 14064 --- [main] .s.d.r.c.RepositoryConfigurationDelegate : Finished Spring Data repository scanning in 17ms. Found 0 repository interfaces.
2021-02-02 00:00:07.019  INFO 14064 --- [main] trationDelegate$BeanPostProcessorChecker : Bean 'org.springframework.transaction.annotation.ProxyTransactionManagementConfiguration' of type [org.springframework.transaction.annotation.ProxyTransactionManagementConfiguration$$EnhancerBySpringCGLIB$$71117269] is not eligible for getting processed by all BeanPostProcessors (for example: not eligible for auto-proxying)
2021-02-02 00:00:07.031  INFO 14064 --- [main] trationDelegate$BeanPostProcessorChecker : Bean 'shiroConfig' of type [com.daniel.config.ShiroConfig$$EnhancerBySpringCGLIB$$44e9d437] is not eligible for getting processed by all BeanPostProcessors (for example: not eligible for auto-proxying)
2021-02-02 00:00:07.409  INFO 14064 --- [main] trationDelegate$BeanPostProcessorChecker : Bean 'redisConfig' of type [com.daniel.config.RedisConfig$$EnhancerBySpringCGLIB$$8fb85b81] is not eligible for getting processed by all BeanPostProcessors (for example: not eligible for auto-proxying)
2021-02-02 00:00:07.426  INFO 14064 --- [main] trationDelegate$BeanPostProcessorChecker : Bean 'spring.redis-org.springframework.boot.autoconfigure.data.redis.RedisProperties' of type [org.springframework.boot.autoconfigure.data.redis.RedisProperties] is not eligible for getting processed by all BeanPostProcessors (for example: not eligible for auto-proxying)
2021-02-02 00:00:07.429  INFO 14064 --- [main] trationDelegate$BeanPostProcessorChecker : Bean 'org.springframework.boot.autoconfigure.data.redis.LettuceConnectionConfiguration' of type [org.springframework.boot.autoconfigure.data.redis.LettuceConnectionConfiguration$$EnhancerBySpringCGLIB$$862b30b3] is not eligible for getting processed by all BeanPostProcessors (for example: not eligible for auto-proxying)
2021-02-02 00:00:07.479  INFO 14064 --- [main] trationDelegate$BeanPostProcessorChecker : Bean 'lettuceClientResources' of type [io.lettuce.core.resource.DefaultClientResources] is not eligible for getting processed by all BeanPostProcessors (for example: not eligible for auto-proxying)
2021-02-02 00:00:07.528  INFO 14064 --- [main] trationDelegate$BeanPostProcessorChecker : Bean 'redisConnectionFactory' of type [org.springframework.data.redis.connection.lettuce.LettuceConnectionFactory] is not eligible for getting processed by all BeanPostProcessors (for example: not eligible for auto-proxying)
2021-02-02 00:00:07.537  INFO 14064 --- [main] trationDelegate$BeanPostProcessorChecker : Bean 'redisTemplate' of type [org.springframework.data.redis.core.RedisTemplate] is not eligible for getting processed by all BeanPostProcessors (for example: not eligible for auto-proxying)
2021-02-02 00:00:07.539  INFO 14064 --- [main] trationDelegate$BeanPostProcessorChecker : Bean 'redisService' of type [com.daniel.service.RedisService] is not eligible for getting processed by all BeanPostProcessors (for example: not eligible for auto-proxying)
2021-02-02 00:00:07.540  INFO 14064 --- [main] trationDelegate$BeanPostProcessorChecker : Bean 'myHashedCredentialsMatcher' of type [com.daniel.shiro.MyHashedCredentialsMatcher] is not eligible for getting processed by all BeanPostProcessors (for example: not eligible for auto-proxying)
2021-02-02 00:00:07.542  INFO 14064 --- [main] trationDelegate$BeanPostProcessorChecker : Bean 'cacheManager' of type [com.daniel.shiro.RedisCacheManager] is not eligible for getting processed by all BeanPostProcessors (for example: not eligible for auto-proxying)
2021-02-02 00:00:07.544  INFO 14064 --- [main] trationDelegate$BeanPostProcessorChecker : Bean 'myRealm' of type [com.daniel.shiro.MyRealm] is not eligible for getting processed by all BeanPostProcessors (for example: not eligible for auto-proxying)
2021-02-02 00:00:07.547  INFO 14064 --- [main] trationDelegate$BeanPostProcessorChecker : Bean 'securityManager' of type [org.apache.shiro.web.mgt.DefaultWebSecurityManager] is not eligible for getting processed by all BeanPostProcessors (for example: not eligible for auto-proxying)
2021-02-02 00:00:07.552  INFO 14064 --- [main] trationDelegate$BeanPostProcessorChecker : Bean 'authorizationAttributeSourceAdvisor' of type [org.apache.shiro.spring.security.interceptor.AuthorizationAttributeSourceAdvisor] is not eligible for getting processed by all BeanPostProcessors (for example: not eligible for auto-proxying)
2021-02-02 00:00:07.785  INFO 14064 --- [main] o.s.b.w.embedded.tomcat.TomcatWebServer  : Tomcat initialized with port(s): 8080 (http)
2021-02-02 00:00:07.801  INFO 14064 --- [main] o.apache.catalina.core.StandardService   : Starting service [Tomcat]
2021-02-02 00:00:07.801  INFO 14064 --- [main] org.apache.catalina.core.StandardEngine  : Starting Servlet engine: [Apache Tomcat/9.0.21]
2021-02-02 00:00:07.805  INFO 14064 --- [main] o.a.catalina.core.AprLifecycleListener   : Loaded APR based Apache Tomcat Native library [1.2.25] using APR version [1.7.0].
2021-02-02 00:00:07.806  INFO 14064 --- [main] o.a.catalina.core.AprLifecycleListener   : APR capabilities: IPv6 [true], sendfile [true], accept filters [false], random [true].
2021-02-02 00:00:07.806  INFO 14064 --- [main] o.a.catalina.core.AprLifecycleListener   : APR/OpenSSL configuration: useAprConnector [false], useOpenSSL [true]
2021-02-02 00:00:07.808  INFO 14064 --- [main] o.a.catalina.core.AprLifecycleListener   : OpenSSL successfully initialized [OpenSSL 1.1.1g  21 Apr 2020]
2021-02-02 00:00:07.884  INFO 14064 --- [main] o.a.c.c.C.[Tomcat].[localhost].[/]       : Initializing Spring embedded WebApplicationContext
2021-02-02 00:00:07.884  INFO 14064 --- [main] o.s.web.context.ContextLoader            : Root WebApplicationContext: initialization completed in 1865 ms
2021-02-02 00:00:07.975  INFO 14064 --- [main] c.a.d.s.b.a.DruidDataSourceAutoConfigure : Init DruidDataSource
2021-02-02 00:00:08.266  INFO 14064 --- [main] com.alibaba.druid.pool.DruidDataSource   : {dataSource-1} inited
2021-02-02 00:00:08.790  INFO 14064 --- [main] pertySourcedRequestMappingHandlerMapping : Mapped URL path [/v2/api-docs] onto method [public org.springframework.http.ResponseEntity<springfox.documentation.spring.web.json.Json> springfox.documentation.swagger2.web.Swagger2Controller.getDocumentation(java.lang.String,javax.servlet.http.HttpServletRequest)]
2021-02-02 00:00:08.924  INFO 14064 --- [main] o.s.s.concurrent.ThreadPoolTaskExecutor  : Initializing ExecutorService 'applicationTaskExecutor'
2021-02-02 00:00:09.233  INFO 14064 --- [main] d.s.w.p.DocumentationPluginsBootstrapper : Context refreshed
2021-02-02 00:00:09.245  INFO 14064 --- [main] d.s.w.p.DocumentationPluginsBootstrapper : Found 1 custom documentation plugin(s)
2021-02-02 00:00:09.265  INFO 14064 --- [main] s.d.s.w.s.ApiListingReferenceScanner     : Scanning for api listing references
2021-02-02 00:00:09.434  INFO 14064 --- [main] o.s.b.w.embedded.tomcat.TomcatWebServer  : Tomcat started on port(s): 8080 (http) with context path ''
2021-02-02 00:00:09.438  INFO 14064 --- [main] com.daniel.AmowApplication               : Started AmowApplication in 3.811 seconds (JVM running for 4.616)
2021-02-02 00:00:30.732  INFO 14064 --- [http-nio-8080-exec-1] o.a.c.c.C.[Tomcat].[localhost].[/]       : Initializing Spring DispatcherServlet 'dispatcherServlet'
2021-02-02 00:00:30.733  INFO 14064 --- [http-nio-8080-exec-1] o.s.web.servlet.DispatcherServlet        : Initializing Servlet 'dispatcherServlet'
2021-02-02 00:00:30.740  INFO 14064 --- [http-nio-8080-exec-1] o.s.web.servlet.DispatcherServlet        : Completed initialization in 7 ms
2021-02-02 00:00:36.952 DEBUG 14064 --- [http-nio-8080-exec-4] c.d.m.SysUserMapper.selectByUsername     : ==>  Preparing: select id, username, salt, `password`, phone, dept_id, real_name, nick_name, email, `status`, sex, deleted, create_id, update_id, create_where, create_time, update_time from sys_user where username=? and deleted = 1 
2021-02-02 00:00:36.970 DEBUG 14064 --- [http-nio-8080-exec-4] c.d.m.SysUserMapper.selectByUsername     : ==> Parameters: admin(String)
2021-02-02 00:00:36.989 DEBUG 14064 --- [http-nio-8080-exec-4] c.d.m.SysUserMapper.selectByUsername     : <==      Total: 1
2021-02-02 00:00:37.161  INFO 14064 --- [http-nio-8080-exec-4] com.daniel.service.impl.UserServiceImpl  : accessToken=eyJ0eXAiOiJKV1QiLCJhbGciOiJIUzI1NiJ9.eyJzdWIiOiI5YTI2ZjVmMS1jYmQyLTQ3M2QtODJkYi0xZDZkY2Y0NTk4ZjgiLCJyb2xlcy1pbmZvcy1rZXkiOlsiYWRtaW4iXSwicGVybWlzc2lvbnMtaW5mb3Mta2V5IjpbInN5czp1c2VyOmFkZCIsInN5czp1c2VyOnVwZGF0ZSIsInN5czp1c2VyOmRlbGV0ZSIsInN5czp1c2VyOmxpc3QiXSwiaXNzIjoiZGFuaWVsIiwiand0LXVzZXItbmFtZS1rZXkiOiJhZG1pbiIsImV4cCI6MTYxMjIwMjQzNiwiaWF0IjoxNjEyMTk1MjM2fQ.LhlOGg406BrdTwjstyGiAk2m7JaU9vI8gYLycvuWW4Y
2021-02-02 00:00:37.161  INFO 14064 --- [http-nio-8080-exec-4] com.daniel.service.impl.UserServiceImpl  : refreshToken=eyJ0eXAiOiJKV1QiLCJhbGciOiJIUzI1NiJ9.eyJzdWIiOiI5YTI2ZjVmMS1jYmQyLTQ3M2QtODJkYi0xZDZkY2Y0NTk4ZjgiLCJpc3MiOiJkYW5pZWwiLCJqd3QtdXNlci1uYW1lLWtleSI6ImFkbWluIiwiZXhwIjoxNjEyMjI0MDM3LCJpYXQiOjE2MTIxOTUyMzd9.6vj1_cZ_n5cQ-qeND4T0103XMhdWiGuvXGt3KilKPBY
2021-02-02 00:00:37.400  INFO 14064 --- [http-nio-8080-exec-10] com.daniel.shiro.MyAccessControlFilter   : GET
2021-02-02 00:00:37.400  INFO 14064 --- [http-nio-8080-exec-10] com.daniel.shiro.MyAccessControlFilter   : /api/home
2021-02-02 00:00:37.512  INFO 14064 --- [http-nio-8080-exec-10] io.lettuce.core.EpollProvider            : Starting without optional epoll library
2021-02-02 00:00:37.514  INFO 14064 --- [http-nio-8080-exec-10] io.lettuce.core.KqueueProvider           : Starting without optional kqueue library
2021-02-02 00:00:38.296 DEBUG 14064 --- [http-nio-8080-exec-10] c.d.m.SysUserMapper.selectByPrimaryKey   : ==>  Preparing: select id, username, salt, `password`, phone, dept_id, real_name, nick_name, email, `status`, sex, deleted, create_id, update_id, create_where, create_time, update_time from sys_user where id = ? 
2021-02-02 00:00:38.296 DEBUG 14064 --- [http-nio-8080-exec-10] c.d.m.SysUserMapper.selectByPrimaryKey   : ==> Parameters: 9a26f5f1-cbd2-473d-82db-1d6dcf4598f8(String)
2021-02-02 00:00:38.298 DEBUG 14064 --- [http-nio-8080-exec-10] c.d.m.SysUserMapper.selectByPrimaryKey   : <==      Total: 1
2021-02-02 00:10:21.273  INFO 19084 --- [main] com.daniel.AmowApplication               : Starting AmowApplication on 习武之人装用Del with PID 19084 (E:\JavaProject\AMOW\target\classes started by daniel in E:\JavaProject\AMOW)
2021-02-02 00:10:21.275 DEBUG 19084 --- [main] com.daniel.AmowApplication               : Running with Spring Boot v2.1.6.RELEASE, Spring v5.1.8.RELEASE
2021-02-02 00:10:21.275  INFO 19084 --- [main] com.daniel.AmowApplication               : No active profile set, falling back to default profiles: default
2021-02-02 00:10:22.131  INFO 19084 --- [main] .s.d.r.c.RepositoryConfigurationDelegate : Multiple Spring Data modules found, entering strict repository configuration mode!
2021-02-02 00:10:22.132  INFO 19084 --- [main] .s.d.r.c.RepositoryConfigurationDelegate : Bootstrapping Spring Data repositories in DEFAULT mode.
2021-02-02 00:10:22.159  INFO 19084 --- [main] .s.d.r.c.RepositoryConfigurationDelegate : Finished Spring Data repository scanning in 18ms. Found 0 repository interfaces.
2021-02-02 00:10:22.401  INFO 19084 --- [main] trationDelegate$BeanPostProcessorChecker : Bean 'org.springframework.transaction.annotation.ProxyTransactionManagementConfiguration' of type [org.springframework.transaction.annotation.ProxyTransactionManagementConfiguration$$EnhancerBySpringCGLIB$$26cc744a] is not eligible for getting processed by all BeanPostProcessors (for example: not eligible for auto-proxying)
2021-02-02 00:10:22.415  INFO 19084 --- [main] trationDelegate$BeanPostProcessorChecker : Bean 'shiroConfig' of type [com.daniel.config.ShiroConfig$$EnhancerBySpringCGLIB$$faa4d618] is not eligible for getting processed by all BeanPostProcessors (for example: not eligible for auto-proxying)
2021-02-02 00:10:22.810  INFO 19084 --- [main] trationDelegate$BeanPostProcessorChecker : Bean 'redisConfig' of type [com.daniel.config.RedisConfig$$EnhancerBySpringCGLIB$$45735d62] is not eligible for getting processed by all BeanPostProcessors (for example: not eligible for auto-proxying)
2021-02-02 00:10:22.828  INFO 19084 --- [main] trationDelegate$BeanPostProcessorChecker : Bean 'spring.redis-org.springframework.boot.autoconfigure.data.redis.RedisProperties' of type [org.springframework.boot.autoconfigure.data.redis.RedisProperties] is not eligible for getting processed by all BeanPostProcessors (for example: not eligible for auto-proxying)
2021-02-02 00:10:22.830  INFO 19084 --- [main] trationDelegate$BeanPostProcessorChecker : Bean 'org.springframework.boot.autoconfigure.data.redis.LettuceConnectionConfiguration' of type [org.springframework.boot.autoconfigure.data.redis.LettuceConnectionConfiguration$$EnhancerBySpringCGLIB$$3be63294] is not eligible for getting processed by all BeanPostProcessors (for example: not eligible for auto-proxying)
2021-02-02 00:10:22.882  INFO 19084 --- [main] trationDelegate$BeanPostProcessorChecker : Bean 'lettuceClientResources' of type [io.lettuce.core.resource.DefaultClientResources] is not eligible for getting processed by all BeanPostProcessors (for example: not eligible for auto-proxying)
2021-02-02 00:10:22.929  INFO 19084 --- [main] trationDelegate$BeanPostProcessorChecker : Bean 'redisConnectionFactory' of type [org.springframework.data.redis.connection.lettuce.LettuceConnectionFactory] is not eligible for getting processed by all BeanPostProcessors (for example: not eligible for auto-proxying)
2021-02-02 00:10:22.937  INFO 19084 --- [main] trationDelegate$BeanPostProcessorChecker : Bean 'redisTemplate' of type [org.springframework.data.redis.core.RedisTemplate] is not eligible for getting processed by all BeanPostProcessors (for example: not eligible for auto-proxying)
2021-02-02 00:10:22.939  INFO 19084 --- [main] trationDelegate$BeanPostProcessorChecker : Bean 'redisService' of type [com.daniel.service.RedisService] is not eligible for getting processed by all BeanPostProcessors (for example: not eligible for auto-proxying)
2021-02-02 00:10:22.940  INFO 19084 --- [main] trationDelegate$BeanPostProcessorChecker : Bean 'myHashedCredentialsMatcher' of type [com.daniel.shiro.MyHashedCredentialsMatcher] is not eligible for getting processed by all BeanPostProcessors (for example: not eligible for auto-proxying)
2021-02-02 00:10:22.942  INFO 19084 --- [main] trationDelegate$BeanPostProcessorChecker : Bean 'cacheManager' of type [com.daniel.shiro.RedisCacheManager] is not eligible for getting processed by all BeanPostProcessors (for example: not eligible for auto-proxying)
2021-02-02 00:10:22.944  INFO 19084 --- [main] trationDelegate$BeanPostProcessorChecker : Bean 'myRealm' of type [com.daniel.shiro.MyRealm] is not eligible for getting processed by all BeanPostProcessors (for example: not eligible for auto-proxying)
2021-02-02 00:10:22.948  INFO 19084 --- [main] trationDelegate$BeanPostProcessorChecker : Bean 'securityManager' of type [org.apache.shiro.web.mgt.DefaultWebSecurityManager] is not eligible for getting processed by all BeanPostProcessors (for example: not eligible for auto-proxying)
2021-02-02 00:10:22.954  INFO 19084 --- [main] trationDelegate$BeanPostProcessorChecker : Bean 'authorizationAttributeSourceAdvisor' of type [org.apache.shiro.spring.security.interceptor.AuthorizationAttributeSourceAdvisor] is not eligible for getting processed by all BeanPostProcessors (for example: not eligible for auto-proxying)
2021-02-02 00:10:23.183  INFO 19084 --- [main] o.s.b.w.embedded.tomcat.TomcatWebServer  : Tomcat initialized with port(s): 8080 (http)
2021-02-02 00:10:23.198  INFO 19084 --- [main] o.apache.catalina.core.StandardService   : Starting service [Tomcat]
2021-02-02 00:10:23.198  INFO 19084 --- [main] org.apache.catalina.core.StandardEngine  : Starting Servlet engine: [Apache Tomcat/9.0.21]
2021-02-02 00:10:23.202  INFO 19084 --- [main] o.a.catalina.core.AprLifecycleListener   : Loaded APR based Apache Tomcat Native library [1.2.25] using APR version [1.7.0].
2021-02-02 00:10:23.203  INFO 19084 --- [main] o.a.catalina.core.AprLifecycleListener   : APR capabilities: IPv6 [true], sendfile [true], accept filters [false], random [true].
2021-02-02 00:10:23.203  INFO 19084 --- [main] o.a.catalina.core.AprLifecycleListener   : APR/OpenSSL configuration: useAprConnector [false], useOpenSSL [true]
2021-02-02 00:10:23.205  INFO 19084 --- [main] o.a.catalina.core.AprLifecycleListener   : OpenSSL successfully initialized [OpenSSL 1.1.1g  21 Apr 2020]
2021-02-02 00:10:23.273  INFO 19084 --- [main] o.a.c.c.C.[Tomcat].[localhost].[/]       : Initializing Spring embedded WebApplicationContext
2021-02-02 00:10:23.274  INFO 19084 --- [main] o.s.web.context.ContextLoader            : Root WebApplicationContext: initialization completed in 1969 ms
2021-02-02 00:10:23.359  INFO 19084 --- [main] c.a.d.s.b.a.DruidDataSourceAutoConfigure : Init DruidDataSource
2021-02-02 00:10:23.641  INFO 19084 --- [main] com.alibaba.druid.pool.DruidDataSource   : {dataSource-1} inited
2021-02-02 00:10:24.234  INFO 19084 --- [main] pertySourcedRequestMappingHandlerMapping : Mapped URL path [/v2/api-docs] onto method [public org.springframework.http.ResponseEntity<springfox.documentation.spring.web.json.Json> springfox.documentation.swagger2.web.Swagger2Controller.getDocumentation(java.lang.String,javax.servlet.http.HttpServletRequest)]
2021-02-02 00:10:24.384  INFO 19084 --- [main] o.s.s.concurrent.ThreadPoolTaskExecutor  : Initializing ExecutorService 'applicationTaskExecutor'
2021-02-02 00:10:24.719  INFO 19084 --- [main] d.s.w.p.DocumentationPluginsBootstrapper : Context refreshed
2021-02-02 00:10:24.730  INFO 19084 --- [main] d.s.w.p.DocumentationPluginsBootstrapper : Found 1 custom documentation plugin(s)
2021-02-02 00:10:24.753  INFO 19084 --- [main] s.d.s.w.s.ApiListingReferenceScanner     : Scanning for api listing references
2021-02-02 00:10:24.903  INFO 19084 --- [main] o.s.b.w.embedded.tomcat.TomcatWebServer  : Tomcat started on port(s): 8080 (http) with context path ''
2021-02-02 00:10:24.905  INFO 19084 --- [main] com.daniel.AmowApplication               : Started AmowApplication in 3.956 seconds (JVM running for 4.768)
2021-02-02 00:10:31.992  INFO 19084 --- [http-nio-8080-exec-1] o.a.c.c.C.[Tomcat].[localhost].[/]       : Initializing Spring DispatcherServlet 'dispatcherServlet'
2021-02-02 00:10:31.992  INFO 19084 --- [http-nio-8080-exec-1] o.s.web.servlet.DispatcherServlet        : Initializing Servlet 'dispatcherServlet'
2021-02-02 00:10:31.999  INFO 19084 --- [http-nio-8080-exec-1] o.s.web.servlet.DispatcherServlet        : Completed initialization in 7 ms
2021-02-02 00:10:32.320  INFO 19084 --- [http-nio-8080-exec-3] com.daniel.shiro.MyAccessControlFilter   : GET
2021-02-02 00:10:32.320  INFO 19084 --- [http-nio-8080-exec-3] com.daniel.shiro.MyAccessControlFilter   : /api/home
2021-02-02 00:10:32.602  INFO 19084 --- [http-nio-8080-exec-3] io.lettuce.core.EpollProvider            : Starting without optional epoll library
2021-02-02 00:10:32.603  INFO 19084 --- [http-nio-8080-exec-3] io.lettuce.core.KqueueProvider           : Starting without optional kqueue library
2021-02-02 00:10:33.348 DEBUG 19084 --- [http-nio-8080-exec-3] c.d.m.SysUserMapper.selectByPrimaryKey   : ==>  Preparing: select id, username, salt, `password`, phone, dept_id, real_name, nick_name, email, `status`, sex, deleted, create_id, update_id, create_where, create_time, update_time from sys_user where id = ? 
2021-02-02 00:10:33.364 DEBUG 19084 --- [http-nio-8080-exec-3] c.d.m.SysUserMapper.selectByPrimaryKey   : ==> Parameters: 9a26f5f1-cbd2-473d-82db-1d6dcf4598f8(String)
2021-02-02 00:10:33.379 DEBUG 19084 --- [http-nio-8080-exec-3] c.d.m.SysUserMapper.selectByPrimaryKey   : <==      Total: 1
